<?xml version="1.0" encoding="UTF-8"?>
<!-- Generated by org.testng.reporters.JUnitXMLReporter -->
<testsuite ignored="2" hostname="DESKTOP-3BJMLDI" failures="0" tests="2" name="Test" time="146.701" errors="0" timestamp="2023-01-03T10:59:10 IST">
  <testcase classname="vTiger.Organizations.TestScripts.CreateOrgWithIndustryPOMTest" name="CreateOrgaWithIndustryPOMTest" time="20.21"/>
  <testcase classname="vTiger.Contacts.TestScripts.CreateContactWithOrganizationPOMTest" name="CreateContactWithOrgTest" time="36.262"/>
  <testcase classname="vTiger.GenericUtilities.BaseClass" name="@AfterSuite asConfig" time="0.0">
    <ignored/>
  </testcase> <!-- @AfterSuite asConfig -->
  <testcase classname="vTiger.GenericUtilities.BaseClass" name="@BeforeSuite bsConfig" time="0.0">
    <ignored/>
  </testcase> <!-- @BeforeSuite bsConfig -->
</testsuite> <!-- Test -->
